(node:46076) ExperimentalWarning: Type Stripping is an experimental feature and might change at any time
(Use `node --trace-warnings ...` to show where the warning was created)
(node:48088) ExperimentalWarning: Type Stripping is an experimental feature and might change at any time
(Use `node --trace-warnings ...` to show where the warning was created)
(node:48616) ExperimentalWarning: Type Stripping is an experimental feature and might change at any time
(Use `node --trace-warnings ...` to show where the warning was created)
Γû▓ Next.js 16.2.2 (Turbopack)
- Environments: .env

(node:48616) Warning: Setting the NODE_TLS_REJECT_UNAUTHORIZED environment variable to '0' makes TLS connections and HTTPS requests insecure by disabling certificate verification.
  Creating an optimized production build ...
(node:48616) ExperimentalWarning: Type Stripping is an experimental feature and might change at any time
(Use `node --trace-warnings ...` to show where the warning was created)
(node:38952) ExperimentalWarning: Type Stripping is an experimental feature and might change at any time
(Use `node --trace-warnings ...` to show where the warning was created)
(node:49352) ExperimentalWarning: Type Stripping is an experimental feature and might change at any time
(Use `node --trace-warnings ...` to show where the warning was created)
(node:30004) ExperimentalWarning: Type Stripping is an experimental feature and might change at any time
(Use `node --trace-warnings ...` to show where the warning was created)
(node:56668) ExperimentalWarning: Type Stripping is an experimental feature and might change at any time
(Use `node --trace-warnings ...` to show where the warning was created)
(node:49352) ExperimentalWarning: Type Stripping is an experimental feature and might change at any time
(Use `node --trace-warnings ...` to show where the warning was created)
(node:56800) ExperimentalWarning: Type Stripping is an experimental feature and might change at any time
(Use `node --trace-warnings ...` to show where the warning was created)
(node:31968) ExperimentalWarning: Type Stripping is an experimental feature and might change at any time
(Use `node --trace-warnings ...` to show where the warning was created)
(node:28132) ExperimentalWarning: Type Stripping is an experimental feature and might change at any time
(Use `node --trace-warnings ...` to show where the warning was created)
(node:27776) ExperimentalWarning: Type Stripping is an experimental feature and might change at any time
(Use `node --trace-warnings ...` to show where the warning was created)
(node:25984) ExperimentalWarning: Type Stripping is an experimental feature and might change at any time
(Use `node --trace-warnings ...` to show where the warning was created)
(node:3444) ExperimentalWarning: Type Stripping is an experimental feature and might change at any time
(Use `node --trace-warnings ...` to show where the warning was created)
(node:20128) ExperimentalWarning: Type Stripping is an experimental feature and might change at any time
(Use `node --trace-warnings ...` to show where the warning was created)
(node:59300) ExperimentalWarning: Type Stripping is an experimental feature and might change at any time
(Use `node --trace-warnings ...` to show where the warning was created)
Γ£ô Compiled successfully in 7.0s
  Running TypeScript ...
(node:36492) ExperimentalWarning: Type Stripping is an experimental feature and might change at any time
(Use `node --trace-warnings ...` to show where the warning was created)
Failed to type check.
System.Management.Automation.RemoteException
.next/dev/types/app/(payload)/api/[...slug]/route.ts:5:15
Type error: Module '"next/dist/build/segment-config/app/app-segment-config.js"' has no exported member 'PrefetchForTypeCheckInternal'.
System.Management.Automation.RemoteException
  [90m3 |[0m [36mimport[0m [36mtype[0m { [33mNextRequest[0m } [36mfrom[0m [32m'next/server.js'[0m
  [90m4 |[0m
[31m[1m>[0m [90m5 |[0m [36mimport[0m [36mtype[0m { [33mPrefetchForTypeCheckInternal[0m } [36mfrom[0m [32m'next/dist/build/segment-config/app/app-s...[0m
  [90m  |[0m               [31m[1m^[0m
  [90m6 |[0m
  [90m7 |[0m [36mtype[0m [33mTEntry[0m = [36mtypeof[0m [36mimport[0m([32m'../../../../../../../app/(payload)/api/[...slug]/route.js'[0m)
  [90m8 |[0m
Next.js build worker exited with code: 1 and signal: null
